d:\учим с++, проекты\practica\x64\debug\practica.pch
d:\учим с++, проекты\practica\x64\debug\vc143.pdb
d:\учим с++, проекты\practica\x64\debug\pch.obj
d:\учим с++, проекты\practica\x64\debug\triangle.obj
d:\учим с++, проекты\practica\x64\debug\form1.obj
d:\учим с++, проекты\practica\x64\debug\figure.obj
d:\учим с++, проекты\practica\x64\debug\error.obj
d:\учим с++, проекты\practica\x64\debug\cppclr_winformsproject.obj
d:\учим с++, проекты\practica\x64\debug\container.obj
d:\учим с++, проекты\practica\x64\debug\complexfigure.obj
d:\учим с++, проекты\practica\x64\debug\circle.obj
d:\учим с++, проекты\practica\x64\debug\assemblyinfo.obj
d:\учим с++, проекты\practica\x64\debug\.netframework,version=v4.7.2.assemblyattributes.obj
d:\учим с++, проекты\practica\x64\debug\practica.exe
d:\учим с++, проекты\practica\x64\debug\practica.pdb
d:\учим с++, проекты\practica\x64\debug\app.res
d:\учим с++, проекты\practica\x64\debug\practica.exe.metagen
d:\учим с++, проекты\practica\x64\debug\practica.tlog\cl.command.1.tlog
d:\учим с++, проекты\practica\x64\debug\practica.tlog\cl.read.1.tlog
d:\учим с++, проекты\practica\x64\debug\practica.tlog\cl.write.1.tlog
d:\учим с++, проекты\practica\x64\debug\practica.tlog\link.command.1.tlog
d:\учим с++, проекты\practica\x64\debug\practica.tlog\link.read.1.tlog
d:\учим с++, проекты\practica\x64\debug\practica.tlog\link.write.1.tlog
d:\учим с++, проекты\practica\x64\debug\practica.tlog\metagen.read.1.tlog
d:\учим с++, проекты\practica\x64\debug\practica.tlog\metagen.write.1.tlog
d:\учим с++, проекты\practica\x64\debug\practica.tlog\rc.command.1.tlog
d:\учим с++, проекты\practica\x64\debug\practica.tlog\rc.read.1.tlog
d:\учим с++, проекты\practica\x64\debug\practica.tlog\rc.write.1.tlog
d:\учим с++, проекты\practica\x64\debug\practica.tlog\resgen.command.1.tlog
d:\учим с++, проекты\practica\x64\debug\practica.tlog\resgen.read.1.tlog
d:\учим с++, проекты\practica\x64\debug\practica.tlog\resgen.write.1.tlog
